2020-05-17 12:34:58,347 ERROR: Exception on /manage [GET] [in /home/jorge/Documentos/Drive/Universidad/4º/2º Cuatrimestre/Middleware/Middleware_Final_Projects/RestImgAPI/venv/lib/python3.8/site-packages/flask/app.py:1891]
Traceback (most recent call last):
  File "/home/jorge/Documentos/Drive/Universidad/4º/2º Cuatrimestre/Middleware/Middleware_Final_Projects/RestImgAPI/venv/lib/python3.8/site-packages/flask/app.py", line 2447, in wsgi_app
    response = self.full_dispatch_request()
  File "/home/jorge/Documentos/Drive/Universidad/4º/2º Cuatrimestre/Middleware/Middleware_Final_Projects/RestImgAPI/venv/lib/python3.8/site-packages/flask/app.py", line 1952, in full_dispatch_request
    rv = self.handle_user_exception(e)
  File "/home/jorge/Documentos/Drive/Universidad/4º/2º Cuatrimestre/Middleware/Middleware_Final_Projects/RestImgAPI/venv/lib/python3.8/site-packages/flask/app.py", line 1821, in handle_user_exception
    reraise(exc_type, exc_value, tb)
  File "/home/jorge/Documentos/Drive/Universidad/4º/2º Cuatrimestre/Middleware/Middleware_Final_Projects/RestImgAPI/venv/lib/python3.8/site-packages/flask/_compat.py", line 39, in reraise
    raise value
  File "/home/jorge/Documentos/Drive/Universidad/4º/2º Cuatrimestre/Middleware/Middleware_Final_Projects/RestImgAPI/venv/lib/python3.8/site-packages/flask/app.py", line 1950, in full_dispatch_request
    rv = self.dispatch_request()
  File "/home/jorge/Documentos/Drive/Universidad/4º/2º Cuatrimestre/Middleware/Middleware_Final_Projects/RestImgAPI/venv/lib/python3.8/site-packages/flask/app.py", line 1936, in dispatch_request
    return self.view_functions[rule.endpoint](**req.view_args)
  File "/home/jorge/Documentos/Drive/Universidad/4º/2º Cuatrimestre/Middleware/Middleware_Final_Projects/RestImgAPI/venv/lib/python3.8/site-packages/flask_login/utils.py", line 272, in decorated_view
    return func(*args, **kwargs)
  File "/home/jorge/Documentos/Drive/Universidad/4º/2º Cuatrimestre/Middleware/Middleware_Final_Projects/RestImgAPI/app/routes.py", line 154, in manage
    if posts.has_next else None
NameError: name 'posts' is not defined
2020-05-17 12:35:32,936 INFO: Microblog startup [in /home/jorge/Documentos/Drive/Universidad/4º/2º Cuatrimestre/Middleware/Middleware_Final_Projects/RestImgAPI/app/__init__.py:54]
2020-05-17 12:36:45,249 INFO: Microblog startup [in /home/jorge/Documentos/Drive/Universidad/4º/2º Cuatrimestre/Middleware/Middleware_Final_Projects/RestImgAPI/app/__init__.py:54]
2020-05-17 12:37:33,810 INFO: Microblog startup [in /home/jorge/Documentos/Drive/Universidad/4º/2º Cuatrimestre/Middleware/Middleware_Final_Projects/RestImgAPI/app/__init__.py:54]
2020-05-17 12:38:20,565 INFO: Microblog startup [in /home/jorge/Documentos/Drive/Universidad/4º/2º Cuatrimestre/Middleware/Middleware_Final_Projects/RestImgAPI/app/__init__.py:54]
2020-05-17 12:39:03,199 INFO: Microblog startup [in /home/jorge/Documentos/Drive/Universidad/4º/2º Cuatrimestre/Middleware/Middleware_Final_Projects/RestImgAPI/app/__init__.py:54]
2020-05-17 12:45:37,810 INFO: Microblog startup [in /home/jorge/Documentos/Drive/Universidad/4º/2º Cuatrimestre/Middleware/Middleware_Final_Projects/RestImgAPI/app/__init__.py:54]
2020-05-17 12:46:31,670 INFO: Microblog startup [in /home/jorge/Documentos/Drive/Universidad/4º/2º Cuatrimestre/Middleware/Middleware_Final_Projects/RestImgAPI/app/__init__.py:54]
2020-05-17 12:47:55,866 INFO: Microblog startup [in /home/jorge/Documentos/Drive/Universidad/4º/2º Cuatrimestre/Middleware/Middleware_Final_Projects/RestImgAPI/app/__init__.py:54]
2020-05-17 12:50:28,200 INFO: Microblog startup [in /home/jorge/Documentos/Drive/Universidad/4º/2º Cuatrimestre/Middleware/Middleware_Final_Projects/RestImgAPI/app/__init__.py:54]
2020-05-17 12:52:52,175 INFO: Microblog startup [in /home/jorge/Documentos/Drive/Universidad/4º/2º Cuatrimestre/Middleware/Middleware_Final_Projects/RestImgAPI/app/__init__.py:54]
2020-05-17 12:52:58,612 INFO: Microblog startup [in /home/jorge/Documentos/Drive/Universidad/4º/2º Cuatrimestre/Middleware/Middleware_Final_Projects/RestImgAPI/app/__init__.py:54]
2020-05-17 12:54:00,275 INFO: Microblog startup [in /home/jorge/Documentos/Drive/Universidad/4º/2º Cuatrimestre/Middleware/Middleware_Final_Projects/RestImgAPI/app/__init__.py:54]
2020-05-17 12:54:14,574 INFO: Microblog startup [in /home/jorge/Documentos/Drive/Universidad/4º/2º Cuatrimestre/Middleware/Middleware_Final_Projects/RestImgAPI/app/__init__.py:54]
2020-05-17 12:55:01,751 INFO: Microblog startup [in /home/jorge/Documentos/Drive/Universidad/4º/2º Cuatrimestre/Middleware/Middleware_Final_Projects/RestImgAPI/app/__init__.py:54]
2020-05-17 12:59:56,250 INFO: Microblog startup [in /home/jorge/Documentos/Drive/Universidad/4º/2º Cuatrimestre/Middleware/Middleware_Final_Projects/RestImgAPI/app/__init__.py:54]
2020-05-17 13:00:29,268 INFO: Microblog startup [in /home/jorge/Documentos/Drive/Universidad/4º/2º Cuatrimestre/Middleware/Middleware_Final_Projects/RestImgAPI/app/__init__.py:54]
2020-05-17 13:01:59,510 INFO: Microblog startup [in /home/jorge/Documentos/Drive/Universidad/4º/2º Cuatrimestre/Middleware/Middleware_Final_Projects/RestImgAPI/app/__init__.py:54]
2020-05-17 13:02:24,758 INFO: Microblog startup [in /home/jorge/Documentos/Drive/Universidad/4º/2º Cuatrimestre/Middleware/Middleware_Final_Projects/RestImgAPI/app/__init__.py:54]
2020-05-17 13:05:21,988 INFO: Microblog startup [in /home/jorge/Documentos/Drive/Universidad/4º/2º Cuatrimestre/Middleware/Middleware_Final_Projects/RestImgAPI/app/__init__.py:54]
2020-05-17 13:09:34,119 INFO: Microblog startup [in /home/jorge/Documentos/Drive/Universidad/4º/2º Cuatrimestre/Middleware/Middleware_Final_Projects/RestImgAPI/app/__init__.py:54]
